{
  "stats": {
    "suites": 1,
    "tests": 5,
    "passes": 5,
    "pending": 0,
    "failures": 0,
    "start": "2023-03-21T04:48:00.786Z",
    "end": "2023-03-21T04:48:02.965Z",
    "duration": 2179,
    "testsRegistered": 5,
    "passPercent": 100,
    "pendingPercent": 0,
    "other": 0,
    "hasOther": false,
    "skipped": 0,
    "hasSkipped": false
  },
  "results": [
    {
      "uuid": "5db861d7-83e1-4cac-b337-a7269a89abe2",
      "title": "",
      "fullFile": "cypress/e2e/api/todos.cy.ts",
      "file": "cypress/e2e/api/todos.cy.ts",
      "beforeHooks": [],
      "afterHooks": [],
      "tests": [],
      "suites": [
        {
          "uuid": "ec8857ac-5fe0-4858-b282-935132b61941",
          "title": "JSON Placeholder todos tests",
          "fullFile": "",
          "file": "",
          "beforeHooks": [],
          "afterHooks": [],
          "tests": [
            {
              "title": "GET /todos",
              "fullTitle": "JSON Placeholder todos tests GET /todos",
              "timedOut": null,
              "duration": 589,
              "state": "passed",
              "speed": "fast",
              "pass": true,
              "fail": false,
              "pending": false,
              "context": null,
              "code": "cy.stepInfo('Get all todos');\n_actions_api_todos_actions__WEBPACK_IMPORTED_MODULE_0__[\"default\"].getAllTodos(_fixtures_api_todos_fixture__WEBPACK_IMPORTED_MODULE_1__[\"default\"].allTodos.countPosts);",
              "err": {},
              "uuid": "55bd4c3d-8345-4674-a1d5-7b2504f9ce1b",
              "parentUUID": "ec8857ac-5fe0-4858-b282-935132b61941",
              "isHook": false,
              "skipped": false
            },
            {
              "title": "GET /todos/1",
              "fullTitle": "JSON Placeholder todos tests GET /todos/1",
              "timedOut": null,
              "duration": 47,
              "state": "passed",
              "speed": "fast",
              "pass": true,
              "fail": false,
              "pending": false,
              "context": null,
              "code": "cy.stepInfo('Get first todo');\n_actions_api_todos_actions__WEBPACK_IMPORTED_MODULE_0__[\"default\"].getOneTodoByIndex(_fixtures_api_todos_fixture__WEBPACK_IMPORTED_MODULE_1__[\"default\"].oneTodo.index);",
              "err": {},
              "uuid": "c94babe0-e1b7-4802-9613-e5819201b090",
              "parentUUID": "ec8857ac-5fe0-4858-b282-935132b61941",
              "isHook": false,
              "skipped": false
            },
            {
              "title": "POST /todos",
              "fullTitle": "JSON Placeholder todos tests POST /todos",
              "timedOut": null,
              "duration": 514,
              "state": "passed",
              "speed": "fast",
              "pass": true,
              "fail": false,
              "pending": false,
              "context": null,
              "code": "cy.stepInfo('Create new todo');\n_actions_api_todos_actions__WEBPACK_IMPORTED_MODULE_0__[\"default\"].createNewTodo(_fixtures_api_todos_fixture__WEBPACK_IMPORTED_MODULE_1__[\"default\"].createData);",
              "err": {},
              "uuid": "1ee7fd93-210d-4b16-a333-42bf46657cad",
              "parentUUID": "ec8857ac-5fe0-4858-b282-935132b61941",
              "isHook": false,
              "skipped": false
            },
            {
              "title": "PUT /todos/2",
              "fullTitle": "JSON Placeholder todos tests PUT /todos/2",
              "timedOut": null,
              "duration": 513,
              "state": "passed",
              "speed": "fast",
              "pass": true,
              "fail": false,
              "pending": false,
              "context": null,
              "code": "cy.stepInfo('Update todo by index');\n_actions_api_todos_actions__WEBPACK_IMPORTED_MODULE_0__[\"default\"].updateTodoByIndex(_fixtures_api_todos_fixture__WEBPACK_IMPORTED_MODULE_1__[\"default\"].updateData.body.userId, _fixtures_api_todos_fixture__WEBPACK_IMPORTED_MODULE_1__[\"default\"].updateData.body);",
              "err": {},
              "uuid": "e7b1ccfb-40ab-4838-a0d7-a7e5d01d8105",
              "parentUUID": "ec8857ac-5fe0-4858-b282-935132b61941",
              "isHook": false,
              "skipped": false
            },
            {
              "title": "DELETE /todos/1",
              "fullTitle": "JSON Placeholder todos tests DELETE /todos/1",
              "timedOut": null,
              "duration": 485,
              "state": "passed",
              "speed": "fast",
              "pass": true,
              "fail": false,
              "pending": false,
              "context": null,
              "code": "cy.stepInfo('Delete post by index');\n_actions_api_todos_actions__WEBPACK_IMPORTED_MODULE_0__[\"default\"].deleteTodoByIndex(_fixtures_api_todos_fixture__WEBPACK_IMPORTED_MODULE_1__[\"default\"].deleteTodo.index);",
              "err": {},
              "uuid": "06651972-775e-4ddb-93ef-df33ea9f798a",
              "parentUUID": "ec8857ac-5fe0-4858-b282-935132b61941",
              "isHook": false,
              "skipped": false
            }
          ],
          "suites": [],
          "passes": [
            "55bd4c3d-8345-4674-a1d5-7b2504f9ce1b",
            "c94babe0-e1b7-4802-9613-e5819201b090",
            "1ee7fd93-210d-4b16-a333-42bf46657cad",
            "e7b1ccfb-40ab-4838-a0d7-a7e5d01d8105",
            "06651972-775e-4ddb-93ef-df33ea9f798a"
          ],
          "failures": [],
          "pending": [],
          "skipped": [],
          "duration": 2148,
          "root": false,
          "rootEmpty": false,
          "_timeout": 2000
        }
      ],
      "passes": [],
      "failures": [],
      "pending": [],
      "skipped": [],
      "duration": 0,
      "root": true,
      "rootEmpty": true,
      "_timeout": 2000
    }
  ],
  "meta": {
    "mocha": {
      "version": "7.0.1"
    },
    "mochawesome": {
      "options": {
        "quiet": false,
        "reportFilename": "index",
        "saveHtml": true,
        "saveJson": true,
        "consoleReporter": "spec",
        "useInlineDiffs": false,
        "code": true
      },
      "version": "7.1.3"
    },
    "marge": {
      "options": {
        "reportFilename": "index",
        "reportDir": "cypress/results"
      },
      "version": "6.2.0"
    }
  }
}